\BOOKMARK [0][-]{chapter.1}{\376\377\121\370\117\030\123\026\173\200\116\313}{}% 1
\BOOKMARK [1][-]{section.1.1}{\376\377\145\160\133\146\117\030\123\026}{chapter.1}% 2
\BOOKMARK [1][-]{section.1.2}{\376\377\176\277\140\047\211\304\122\022\116\016\227\136\176\277\140\047\211\304\122\022}{chapter.1}% 3
\BOOKMARK [1][-]{section.1.3}{\376\377\121\370\117\030\123\026}{chapter.1}% 4
\BOOKMARK [1][-]{section.1.4}{\376\377\147\000\134\017\116\214\116\130\124\214\176\277\140\047\211\304\122\022}{chapter.1}% 5
\BOOKMARK [2][-]{subsection.1.4.1}{\376\377\176\277\140\047\211\304\122\022\377\010\000L\000i\000n\000e\000a\000r\000\040\000P\000r\000o\000g\000r\000a\000m\000m\000i\000n\000g\000,\000\040\000L\000P\377\011}{section.1.4}% 6
\BOOKMARK [2][-]{subsection.1.4.2}{\376\377\147\000\134\017\116\214\116\130\154\325\377\010\000L\000e\000a\000s\000t\000\040\000S\000q\000u\000a\000r\000e\000s\000\040\000M\000e\000t\000h\000o\000d\000,\000\040\000L\000S\000M\377\011}{section.1.4}% 7
\BOOKMARK [1][-]{section.1.5}{\376\377\116\377\134\004\226\306\124\010\377\010\000A\000f\000f\000i\000n\000e\000\040\000S\000e\000t\000s\377\011}{chapter.1}% 8
\BOOKMARK [2][-]{subsection.1.5.1}{\376\377\116\377\134\004\176\304\124\010\116\016\116\377\134\004\226\306\124\010}{section.1.5}% 9
\BOOKMARK [2][-]{subsection.1.5.2}{\376\377\116\377\134\004\226\306\124\010\116\016\176\277\140\047\133\120\172\172\225\364\166\204\121\163\174\373}{section.1.5}% 10
\BOOKMARK [2][-]{subsection.1.5.3}{\376\377\116\377\134\004\123\005\377\010\000A\000f\000f\000i\000n\000e\000\040\000H\000u\000l\000l\377\011}{section.1.5}% 11
\BOOKMARK [2][-]{subsection.1.5.4}{\376\377\121\170\127\213\133\236\117\213}{section.1.5}% 12
\BOOKMARK [1][-]{section.1.6}{\376\377\121\370\226\306\377\010\000C\000o\000n\000v\000e\000x\000\040\000S\000e\000t\000s\377\011}{chapter.1}% 13
\BOOKMARK [2][-]{subsection.1.6.1}{\376\377\121\370\176\304\124\010\116\016\121\370\226\306}{section.1.6}% 14
\BOOKMARK [2][-]{subsection.1.6.2}{\376\377\116\016\116\377\134\004\226\306\124\010\166\204\121\163\174\373}{section.1.6}% 15
\BOOKMARK [2][-]{subsection.1.6.3}{\376\377\221\315\211\201\151\202\137\365\377\032\121\370\123\005\377\010\000C\000o\000n\000v\000e\000x\000\040\000H\000u\000l\000l\377\011}{section.1.6}% 16
\BOOKMARK [2][-]{subsection.1.6.4}{\376\377\121\170\127\213\117\213\133\120}{section.1.6}% 17
\BOOKMARK [1][-]{section.1.7}{\376\377\225\045\377\010\000C\000o\000n\000e\000s\377\011\116\016\121\370\225\045\377\010\000C\000o\000n\000v\000e\000x\000\040\000C\000o\000n\000e\000s\377\011}{chapter.1}% 18
\BOOKMARK [2][-]{subsection.1.7.1}{\376\377\150\070\137\303\133\232\116\111\377\032\225\045\116\016\121\370\225\045}{section.1.7}% 19
\BOOKMARK [2][-]{subsection.1.7.2}{\376\377\221\315\211\201\151\202\137\365\377\032\121\370\225\045\123\005\377\010\000C\000o\000n\000v\000e\000x\000\040\000C\000o\000n\000e\000\040\000H\000u\000l\000l\377\011}{section.1.7}% 20
\BOOKMARK [2][-]{subsection.1.7.3}{\376\377\121\170\127\213\133\236\117\213}{section.1.7}% 21
\BOOKMARK [1][-]{section.1.8}{\376\377\116\011\174\173\226\306\124\010\166\204\150\070\137\303\133\371\153\324}{chapter.1}% 22
\BOOKMARK [1][-]{section.1.9}{\376\377\221\315\211\201\166\204\117\213\133\120}{chapter.1}% 23
\BOOKMARK [2][-]{subsection.1.9.1}{\376\377\215\205\136\163\227\142\377\010\000H\000y\000p\000e\000r\000p\000l\000a\000n\000e\377\011\116\016\123\112\172\172\225\364\377\010\000H\000a\000l\000f\000s\000p\000a\000c\000e\377\011}{section.1.9}% 24
\BOOKMARK [2][-]{subsection.1.9.2}{\376\377\164\003\377\010\000B\000a\000l\000l\377\011\116\016\151\055\164\003\377\010\000E\000l\000l\000i\000p\000s\000o\000i\000d\377\011}{section.1.9}% 25
\BOOKMARK [2][-]{subsection.1.9.3}{\376\377\203\003\145\160\164\003\377\010\000N\000o\000r\000m\000\040\000B\000a\000l\000l\377\011\116\016\203\003\145\160\225\045\377\010\000N\000o\000r\000m\000\040\000C\000o\000n\000e\377\011}{section.1.9}% 26
\BOOKMARK [2][-]{subsection.1.9.4}{\376\377\131\032\227\142\117\123\377\010\000P\000o\000l\000y\000h\000e\000d\000r\000o\000n\377\011\116\016\123\125\176\257\137\142\377\010\000S\000i\000m\000p\000l\000e\000x\377\011}{section.1.9}% 27
\BOOKMARK [0][-]{chapter.2}{\376\377\121\370\117\030\123\026\166\204\127\372\147\054\140\047\215\050}{}% 28
\BOOKMARK [1][-]{section.2.1}{\376\377\121\370\117\030\123\026\225\356\230\230\166\204\137\142\137\017}{chapter.2}% 29
\BOOKMARK [2][-]{subsection.2.1.1}{\376\377\116\000\202\054\117\030\123\026\152\041\127\213}{section.2.1}% 30
\BOOKMARK [2][-]{subsection.2.1.2}{\376\377\121\370\117\030\123\026\166\204\133\232\116\111}{section.2.1}% 31
\BOOKMARK [1][-]{section.2.2}{\376\377\121\370\121\375\145\160\166\204\133\232\116\111\116\345\123\312\140\047\215\050}{chapter.2}% 32
\BOOKMARK [2][-]{subsection.2.2.1}{\376\377\133\232\116\111\116\016\121\340\117\125\141\017\116\111}{section.2.2}% 33
\BOOKMARK [2][-]{subsection.2.2.2}{\376\377\000J\000e\000n\000s\000e\000n\000\040\116\015\173\111\137\017}{section.2.2}% 34
\BOOKMARK [2][-]{subsection.2.2.3}{\376\377\116\000\226\066\147\141\116\366\000\050\000F\000i\000r\000s\000t\000-\000o\000r\000d\000e\000r\000\040\000c\000o\000n\000d\000i\000t\000i\000o\000n\000\051}{section.2.2}% 35
\BOOKMARK [2][-]{subsection.2.2.4}{\376\377\116\214\226\066\147\141\116\366\000\050\000H\000e\000s\000s\000i\000a\000n\000\040\122\044\133\232\000\051}{section.2.2}% 36
\BOOKMARK [1][-]{section.2.3}{\376\377\121\150\134\100\116\016\134\100\220\350\147\000\117\030}{chapter.2}% 37
\BOOKMARK [2][-]{subsection.2.3.1}{\376\377\133\232\116\111\126\336\230\176}{section.2.3}% 38
\BOOKMARK [2][-]{subsection.2.3.2}{\376\377\121\370\117\030\123\026\166\204\150\070\137\303\133\232\164\006}{section.2.3}% 39
\BOOKMARK [2][-]{subsection.2.3.3}{\376\377\137\072\121\370\121\375\145\160\166\204\125\057\116\000\147\000\117\030\140\047}{section.2.3}% 40
\BOOKMARK [1][-]{section.2.4}{\376\377\121\370\117\030\123\026\166\204\121\340\117\125\141\017\116\111}{chapter.2}% 41
\BOOKMARK [2][-]{subsection.2.4.1}{\376\377\123\357\210\114\127\337\116\016\173\111\232\330\176\277}{section.2.4}% 42
\BOOKMARK [2][-]{subsection.2.4.2}{\376\377\154\325\124\021\147\141\116\366\377\010\145\057\144\221\215\205\136\163\227\142\377\011}{section.2.4}% 43
\BOOKMARK [2][-]{subsection.2.4.3}{\376\377\121\370\176\304\124\010\116\016\147\000\117\030\140\047\215\357\137\204}{section.2.4}% 44
\BOOKMARK [1][-]{section.2.5}{\376\377\121\370\117\030\123\026\166\204\217\154\123\026\116\345\123\312\171\072\117\213}{chapter.2}% 45
\BOOKMARK [2][-]{subsection.2.5.1}{\376\377\117\030\123\026\225\356\230\230\166\204\173\111\116\367\123\330\143\142\116\345\123\312\133\236\117\213}{section.2.5}% 46
\BOOKMARK [2][-]{subsection.2.5.2}{\376\377\227\136\121\370\122\060\121\370\166\204\221\315\147\204\140\035\215\357\127\050\133\236\117\213\116\055\166\204\136\366\117\070\377\010\211\343\121\263\040\034\227\136\121\370\136\372\152\041\226\276\230\230\040\035\377\011}{section.2.5}% 47
\BOOKMARK [2][-]{subsection.2.5.3}{\376\377\217\154\123\026\220\073\217\221\166\204\150\070\137\303\116\367\120\074}{section.2.5}% 48
\BOOKMARK [0][-]{chapter.3}{\376\377\145\340\176\246\147\137\117\030\123\026\225\356\230\230}{}% 49
\BOOKMARK [1][-]{section.3.1}{\376\377\145\340\176\246\147\137\117\030\123\026\225\356\230\230}{chapter.3}% 50
\BOOKMARK [2][-]{subsection.3.1.1}{\376\377\225\356\230\230\127\372\147\054\137\142\137\017}{section.3.1}% 51
\BOOKMARK [2][-]{subsection.3.1.2}{\376\377\147\000\117\030\140\047\147\141\116\366}{section.3.1}% 52
\BOOKMARK [2][-]{subsection.3.1.3}{\376\377\150\070\137\303\154\102\211\343\150\106\147\266\377\010\116\013\134\161\154\325\217\355\116\343\150\074\137\017\377\011}{section.3.1}% 53
\BOOKMARK [1][-]{section.3.2}{\376\377\144\034\175\042\145\271\124\021\166\204\170\156\133\232}{chapter.3}% 54
\BOOKMARK [2][-]{subsection.3.2.1}{\376\377\211\306\211\322\0001\377\032\176\277\140\047\123\026\116\016\116\013\226\115\147\141\116\366}{section.3.2}% 55
\BOOKMARK [2][-]{subsection.3.2.2}{\376\377\211\306\211\322\0002\377\032\116\000\202\054\203\003\145\160\116\013\166\204\040\034\147\000\220\037\116\013\226\115\040\035}{section.3.2}% 56
\BOOKMARK [2][-]{subsection.3.2.3}{\376\377\230\204\147\141\116\366\123\026\166\204\117\134\165\050}{section.3.2}% 57
\BOOKMARK [1][-]{section.3.3}{\376\377\131\202\117\125\170\156\133\232\153\145\225\177}{chapter.3}% 58
\BOOKMARK [2][-]{subsection.3.3.1}{\376\377\174\276\170\156\176\277\144\034\175\042\377\010\000E\000x\000a\000c\000t\000\040\000L\000i\000n\000e\000\040\000S\000e\000a\000r\000c\000h\377\011}{section.3.3}% 59
\BOOKMARK [2][-]{subsection.3.3.2}{\376\377\236\304\221\321\122\006\122\162\377\010\000G\000o\000l\000d\000e\000n\000\040\000S\000e\000c\000t\000i\000o\000n\000\040\000S\000e\000a\000r\000c\000h\377\011}{section.3.3}% 60
\BOOKMARK [2][-]{subsection.3.3.3}{\376\377\126\336\156\257\144\034\175\042\377\010\000B\000a\000c\000k\000t\000r\000a\000c\000k\000i\000n\000g\000\040\000L\000i\000n\000e\000\040\000S\000e\000a\000r\000c\000h\377\011\116\016\000\040\000A\000r\000m\000i\000j\000o\040\023\000W\000o\000l\000f\000e\000\040\121\306\122\031}{section.3.3}% 61
\BOOKMARK [1][-]{section.3.4}{\376\377\145\066\145\133\163\207\377\032\137\072\121\370\000\040\000/\000\040\000P\000L\000\040\147\141\116\366\116\016\040\034\151\174\150\257\163\260\214\141\040\035}{chapter.3}% 62
\BOOKMARK [2][-]{subsection.3.4.1}{\376\377\137\072\121\370\000\040\000+\000\040\000L\000-\121\111\156\321\377\032\176\277\140\047\145\066\145\133}{section.3.4}% 63
\BOOKMARK [2][-]{subsection.3.4.2}{\376\377\000P\000L\377\010\000P\000o\000l\000y\000a\000k\040\023\000L\000o\000j\000a\000s\000i\000e\000w\000i\000c\000z\377\011\116\015\173\111\137\017}{section.3.4}% 64
\BOOKMARK [2][-]{subsection.3.4.3}{\376\377\040\034\151\174\150\257\163\260\214\141\040\035\377\032\142\020\126\340\116\016\177\023\211\343}{section.3.4}% 65
\BOOKMARK [2][-]{subsection.3.4.4}{\376\377\133\236\215\365\143\320\171\072}{section.3.4}% 66
\BOOKMARK [1][-]{section.3.5}{\376\377\000N\000e\000w\000t\000o\000n\154\325\377\032\134\100\220\350\116\214\153\041\217\321\117\074\116\016\116\044\226\066\153\265\145\066\145\133}{chapter.3}% 67
\BOOKMARK [2][-]{subsection.3.5.1}{\376\377\150\070\137\303\140\035\215\357\377\032\121\375\145\160\166\204\134\100\220\350\116\214\153\041\217\321\117\074}{section.3.5}% 68
\BOOKMARK [2][-]{subsection.3.5.2}{\376\377\162\133\230\177\153\145\377\010\000N\000e\000w\000t\000o\000n\000\040\000S\000t\000e\000p\377\011\166\204\143\250\133\374}{section.3.5}% 69
\BOOKMARK [2][-]{subsection.3.5.3}{\376\377\162\133\230\177\153\145\166\204\116\013\226\115\140\047}{section.3.5}% 70
\BOOKMARK [2][-]{subsection.3.5.4}{\376\377\134\100\220\350\116\214\153\041\145\066\145\133\377\032\162\133\230\177\154\325\166\204\150\070\137\303\117\030\122\277}{section.3.5}% 71
\BOOKMARK [0][-]{chapter.4}{\376\377\226\217\147\072\150\257\136\246\116\013\226\115\377\010\000S\000t\000o\000c\000h\000a\000s\000t\000i\000c\000\040\000G\000r\000a\000d\000i\000e\000n\000t\000\040\000D\000e\000s\000c\000e\000n\000t\000,\000\040\000S\000G\000D\377\011}{}% 72
\BOOKMARK [1][-]{section.4.1}{\376\377\226\217\147\072\150\257\136\246\116\013\226\115\127\372\170\100}{chapter.4}% 73
\BOOKMARK [2][-]{subsection.4.1.1}{\376\377\150\070\137\303\140\035\215\357\377\032\165\050\040\034\220\350\122\006\145\160\143\156\040\035\117\060\173\227\150\257\136\246}{section.4.1}% 74
\BOOKMARK [2][-]{subsection.4.1.2}{\376\377\133\214\145\164\146\364\145\260\155\101\172\013}{section.4.1}% 75
\BOOKMARK [2][-]{subsection.4.1.3}{\376\377\121\163\225\056\215\205\123\302\145\160}{section.4.1}% 76
\BOOKMARK [1][-]{section.4.2}{\376\377\116\000\116\052\226\217\147\072\117\060\213\241\225\356\230\230}{chapter.4}% 77
\BOOKMARK [2][-]{subsection.4.2.1}{\376\377\147\011\226\120\150\067\147\054\116\013\166\204\127\107\120\074\213\241\173\227}{section.4.2}% 78
\BOOKMARK [2][-]{subsection.4.2.2}{\376\377\122\115\124\016\127\107\120\074\166\204\220\022\143\250\121\163\174\373}{section.4.2}% 79
\BOOKMARK [2][-]{subsection.4.2.3}{\376\377\127\107\120\074\145\066\145\133\166\204\147\141\116\366}{section.4.2}% 80
\BOOKMARK [1][-]{section.4.3}{\376\377\000R\000o\000b\000b\000i\000n\000s\000-\000M\000o\000n\000r\000o\377\010\000R\000M\377\011\173\227\154\325}{chapter.4}% 81
\BOOKMARK [2][-]{subsection.4.3.1}{\376\377\000R\000M\173\227\154\325\166\204\166\356\150\007}{section.4.3}% 82
\BOOKMARK [2][-]{subsection.4.3.2}{\376\377\000R\000M\173\227\154\325\166\204\217\355\116\343\121\154\137\017}{section.4.3}% 83
\BOOKMARK [2][-]{subsection.4.3.3}{\376\377\000R\000M\173\227\154\325\166\204\145\066\145\133\147\141\116\366}{section.4.3}% 84
\BOOKMARK [1][-]{section.4.4}{\376\377\000S\000G\000D\116\113\225\356\377\032\116\072\117\125\200\375\131\037\145\066\145\133\377\037}{chapter.4}% 85
\BOOKMARK [2][-]{subsection.4.4.1}{\376\377\213\276\133\232\116\016\213\260\123\367}{section.4.4}% 86
\BOOKMARK [2][-]{subsection.4.4.2}{\376\377\145\066\145\133\140\047\213\301\146\016\166\204\150\070\137\303\120\107\213\276}{section.4.4}% 87
\BOOKMARK [2][-]{subsection.4.4.3}{\376\377\145\066\145\133\140\047\176\323\213\272}{section.4.4}% 88
\BOOKMARK [2][-]{subsection.4.4.4}{\376\377\227\136\137\072\121\370\127\072\146\157\116\013\166\204\000S\000G\000D\145\066\145\133\140\047\377\010\116\305\121\370\000/\116\000\202\054\227\136\121\370\377\011}{section.4.4}% 89
\BOOKMARK [2][-]{subsection.4.4.5}{\376\377\116\044\171\315\116\015\124\014\166\356\150\007\116\013\166\204\153\145\225\177\213\276\213\241\123\312\145\066\145\133\173\126\165\145\135\356\137\002}{section.4.4}% 90
\BOOKMARK [1][-]{section.4.5}{\376\377\116\316\226\217\147\072\117\060\213\241\122\060\122\250\122\233\133\146}{chapter.4}% 91
\BOOKMARK [2][-]{subsection.4.5.1}{\376\377\116\316\000G\000D\122\060\000O\000D\000E\377\032\171\273\145\143\146\364\145\260\146\057\150\257\136\246\155\101\166\204\040\034\146\076\137\017\153\047\142\311\171\357\122\006\040\035}{section.4.5}% 92
\BOOKMARK [2][-]{subsection.4.5.2}{\376\377\116\316\000S\000G\000D\122\060\000S\000D\000E\377\032\142\151\145\143\147\201\226\120\116\016\147\027\116\113\116\007\122\250\122\233\133\146}{section.4.5}% 93
\BOOKMARK [2][-]{subsection.4.5.3}{\376\377\134\100\220\350\116\214\153\041\217\321\117\074\116\016\000O\000U\217\307\172\013\377\032\136\070\153\145\225\177\116\013\166\204\145\271\135\356\000-\146\362\163\207\147\103\210\141}{section.4.5}% 94
\BOOKMARK [2][-]{subsection.4.5.4}{\376\377\133\146\116\140\163\207\060\001\142\171\221\317\116\016\040\034\156\051\136\246\040\035\166\204\133\232\221\317\121\163\174\373}{section.4.5}% 95
\BOOKMARK [2][-]{subsection.4.5.5}{\376\377\213\255\176\303\173\126\165\145\377\032\134\006\122\250\122\233\133\146\176\323\213\272\204\075\127\060\122\060\133\236\215\365}{section.4.5}% 96
\BOOKMARK [2][-]{subsection.4.5.6}{\376\377\122\250\122\233\133\146\217\321\117\074\166\204\131\061\145\110\127\072\146\157}{section.4.5}% 97
\BOOKMARK [2][-]{subsection.4.5.7}{\376\377\150\070\137\303\121\163\174\373\140\073\176\323}{section.4.5}% 98
\BOOKMARK [1][-]{section.4.6}{\376\377\000S\000G\000D\116\113\225\356\377\032\116\072\116\300\116\110\227\000\211\201\122\250\221\317\377\037}{chapter.4}% 99
\BOOKMARK [2][-]{subsection.4.6.1}{\376\377\116\316\000S\000G\000D\121\372\123\321\377\032\142\021\116\354\122\060\136\225\177\072\116\300\116\110\377\037}{section.4.6}% 100
\BOOKMARK [2][-]{subsection.4.6.2}{\376\377\000H\000e\000a\000v\000y\000-\000B\000a\000l\000l\377\010\000H\000B\377\011\377\032\165\050\040\034\140\357\140\047\040\035\117\030\123\026\000S\000G\000D\166\204\150\070\137\303\165\333\160\271}{section.4.6}% 101
\BOOKMARK [2][-]{subsection.4.6.3}{\376\377\000N\000e\000s\000t\000e\000r\000o\000v\377\010\000N\000A\000G\377\011\377\032\040\034\122\115\167\273\000-\150\041\153\143\040\035\133\236\163\260\146\364\172\063\120\145\166\204\122\240\220\037}{section.4.6}% 102
\BOOKMARK [2][-]{subsection.4.6.4}{\376\377\000H\000B\116\016\000N\000A\000G\166\204\126\152\130\360\234\201\150\322\140\047\133\371\153\324}{section.4.6}% 103
\BOOKMARK [2][-]{subsection.4.6.5}{\376\377\133\236\215\365\220\011\142\351\377\032\117\125\145\366\165\050\000H\000B\377\014\117\125\145\366\165\050\000N\000A\000G\377\037}{section.4.6}% 104
\BOOKMARK [2][-]{subsection.4.6.6}{\376\377\150\070\137\303\140\073\176\323}{section.4.6}% 105
\BOOKMARK [0][-]{chapter.5}{\376\377\145\340\176\246\147\137\117\030\123\026\116\113\122\250\221\317}{}% 106
\BOOKMARK [1][-]{section.5.1}{\376\377\173\046\123\367\213\364\146\016}{chapter.5}% 107
\BOOKMARK [1][-]{section.5.2}{\376\377\000S\000G\000D\000\040\166\204\177\072\160\271\123\312\122\250\221\317\145\271\154\325\145\071\217\333}{chapter.5}% 108
\BOOKMARK [2][-]{subsection.5.2.1}{\376\377\225\356\230\230\121\372\123\321\160\271\377\032\000S\000G\000D\000\040\166\204\134\100\226\120}{section.5.2}% 109
\BOOKMARK [2][-]{subsection.5.2.2}{\376\377\137\025\121\145\122\250\221\317\166\204\150\070\137\303\140\035\140\363\377\032\140\357\140\047}{section.5.2}% 110
\BOOKMARK [2][-]{subsection.5.2.3}{\376\377\000H\000e\000a\000v\000y\000-\000B\000a\000l\000l\000\040\000\050\000P\000o\000l\000y\000a\000k\000\040\000M\000o\000m\000e\000n\000t\000u\000m\000\051}{section.5.2}% 111
\BOOKMARK [2][-]{subsection.5.2.4}{\376\377\000N\000e\000s\000t\000e\000r\000o\000v\000\040\122\240\220\037\150\257\136\246\000\040\000\050\000N\000A\000G\000,\000\040\0001\0009\0008\0003\000\051}{section.5.2}% 112
\BOOKMARK [2][-]{subsection.5.2.5}{\376\377\133\371\153\324\140\073\176\323}{section.5.2}% 113
\BOOKMARK [2][-]{subsection.5.2.6}{\376\377\116\316\000\040\000S\000G\000D\000\040\122\060\122\250\221\317\145\271\154\325\166\204\220\073\217\221\224\376}{section.5.2}% 114
\BOOKMARK [1][-]{section.5.3}{\376\377\000A\000d\000a\000G\000r\000a\000d\377\010\000D\000u\000c\000h\000i\000\040\000e\000t\000\040\000a\000l\000.\000,\000\040\0002\0000\0001\0001\377\011}{chapter.5}% 115
\BOOKMARK [2][-]{subsection.5.3.1}{\376\377\122\250\147\072\377\032\000S\000G\000D\000\040\133\146\116\140\163\207\040\034\116\000\122\000\122\007\040\035\166\204\225\356\230\230}{section.5.3}% 116
\BOOKMARK [2][-]{subsection.5.3.2}{\376\377\173\227\154\325\121\154\137\017}{section.5.3}% 117
\BOOKMARK [2][-]{subsection.5.3.3}{\376\377\140\047\215\050\116\016\145\110\147\234}{section.5.3}% 118
\BOOKMARK [2][-]{subsection.5.3.4}{\376\377\117\030\177\072\160\271}{section.5.3}% 119
\BOOKMARK [2][-]{subsection.5.3.5}{\376\377\147\054\215\050\164\006\211\343\377\032\175\057\171\357\040\034\121\340\117\125\134\072\136\246\040\035\166\204\137\122\116\000\123\026}{section.5.3}% 120
\BOOKMARK [1][-]{section.5.4}{\376\377\000R\000M\000S\000P\000r\000o\000p}{chapter.5}% 121
\BOOKMARK [2][-]{subsection.5.4.1}{\376\377\122\250\147\072\377\032\117\356\153\143\000\040\000A\000d\000a\000G\000r\000a\000d\000\040\166\204\040\034\133\146\116\140\163\207\147\257\172\355\040\035}{section.5.4}% 122
\BOOKMARK [2][-]{subsection.5.4.2}{\376\377\173\227\154\325\121\154\137\017}{section.5.4}% 123
\BOOKMARK [2][-]{subsection.5.4.3}{\376\377\140\047\215\050\116\016\166\364\211\311}{section.5.4}% 124
\BOOKMARK [2][-]{subsection.5.4.4}{\376\377\116\016\000\040\000A\000d\000a\000G\000r\000a\000d\000\040\166\204\133\371\153\324}{section.5.4}% 125
\BOOKMARK [2][-]{subsection.5.4.5}{\376\377\147\054\215\050\164\006\211\343}{section.5.4}% 126
\BOOKMARK [1][-]{section.5.5}{\376\377\000A\000d\000a\000m\377\010\000A\000d\000a\000p\000t\000i\000v\000e\000\040\000M\000o\000m\000e\000n\000t\000\040\000E\000s\000t\000i\000m\000a\000t\000i\000o\000n\377\011}{chapter.5}% 127
\BOOKMARK [2][-]{subsection.5.5.1}{\376\377\122\250\147\072\377\032\207\215\124\010\122\250\221\317\116\016\201\352\220\002\136\224\133\146\116\140\163\207}{section.5.5}% 128
\BOOKMARK [2][-]{subsection.5.5.2}{\376\377\173\227\154\325\150\070\137\303\121\154\137\017}{section.5.5}% 129
\BOOKMARK [2][-]{subsection.5.5.3}{\376\377\140\047\215\050\116\016\117\030\160\271}{section.5.5}% 130
\BOOKMARK [2][-]{subsection.5.5.4}{\376\377\177\072\160\271\116\016\145\071\217\333\145\271\124\021}{section.5.5}% 131
\BOOKMARK [2][-]{subsection.5.5.5}{\376\377\147\054\215\050\164\006\211\343}{section.5.5}% 132
\BOOKMARK [1][-]{section.5.6}{\376\377\000A\000d\000a\000m\000W\377\010\000A\000d\000a\000m\000\040\000w\000i\000t\000h\000\040\000D\000e\000c\000o\000u\000p\000l\000e\000d\000\040\000W\000e\000i\000g\000h\000t\377\011}{chapter.5}% 133
\BOOKMARK [2][-]{subsection.5.6.1}{\376\377\122\250\147\072\377\032\117\356\153\143\000\040\000A\000d\000a\000m\000\040\153\143\122\031\123\026\166\204\220\073\217\221\225\031\213\357}{section.5.6}% 134
\BOOKMARK [2][-]{subsection.5.6.2}{\376\377\150\070\137\303\140\035\140\363\377\032\147\103\221\315\210\160\121\317\116\016\150\257\136\246\146\364\145\260\211\343\200\046}{section.5.6}% 135
\BOOKMARK [2][-]{subsection.5.6.3}{\376\377\140\047\215\050\116\016\145\110\147\234}{section.5.6}% 136
\BOOKMARK [2][-]{subsection.5.6.4}{\376\377\147\054\215\050\164\006\211\343}{section.5.6}% 137
\BOOKMARK [0][-]{chapter.6}{\376\377\226\073\134\074\162\133\230\177\154\325}{}% 138
\BOOKMARK [1][-]{section.6.1}{\376\377\162\133\230\177\154\325\131\015\116\140}{chapter.6}% 139
\BOOKMARK [1][-]{section.6.2}{\376\377\226\073\134\074\162\133\230\177\154\325}{chapter.6}% 140
\BOOKMARK [2][-]{subsection.6.2.1}{\376\377\176\257\162\133\230\177\154\325\166\204\134\100\226\120\140\047\377\010\226\073\134\074\162\133\230\177\154\325\166\204\137\305\211\201\140\047\377\011}{section.6.2}% 141
\BOOKMARK [2][-]{subsection.6.2.2}{\376\377\226\073\134\074\162\133\230\177\154\325\166\204\150\070\137\303\145\071\217\333\377\032\162\133\230\177\145\271\124\021\000\040\000+\000\040\176\277\144\034\175\042}{section.6.2}% 142
\BOOKMARK [2][-]{subsection.6.2.3}{\376\377\176\277\144\034\175\042\377\032\131\202\117\125\170\156\133\232\153\145\225\177\000\040\000k\377\037}{section.6.2}% 143
\BOOKMARK [2][-]{subsection.6.2.4}{\376\377\226\073\134\074\162\133\230\177\154\325\166\204\117\030\122\277}{section.6.2}% 144
\BOOKMARK [2][-]{subsection.6.2.5}{\376\377\226\073\134\074\162\133\230\177\154\325\166\204\153\145\232\244\140\073\176\323}{section.6.2}% 145
\BOOKMARK [1][-]{section.6.3}{\376\377\226\073\134\074\162\133\230\177\154\325\140\047\215\050}{chapter.6}% 146
\BOOKMARK [2][-]{subsection.6.3.1}{\376\377\116\000\116\233\120\107\213\276}{section.6.3}% 147
\BOOKMARK [2][-]{subsection.6.3.2}{\376\377\121\150\134\100\145\066\145\133\122\060\116\064\165\114\160\271}{section.6.3}% 148
\BOOKMARK [2][-]{subsection.6.3.3}{\376\377\134\100\220\350\145\066\145\133\226\066\153\265\166\204\220\000\123\026}{section.6.3}% 149
\BOOKMARK [1][-]{section.6.4}{\376\377\227\136\146\076\137\017\154\102\220\006\145\271\154\325}{chapter.6}% 150
\BOOKMARK [2][-]{subsection.6.4.1}{\376\377\000C\000h\000o\000l\000e\000s\000k\000y\000\040\122\006\211\343\377\010\000C\000h\000o\000l\000e\000s\000k\000y\000\040\000D\000e\000c\000o\000m\000p\000o\000s\000i\000t\000i\000o\000n\377\011}{section.6.4}% 151
\BOOKMARK [2][-]{subsection.6.4.2}{\376\377\000L\000D\000L\035\100\000\040\122\006\211\343\377\010\000L\000D\000L\000\040\000D\000e\000c\000o\000m\000p\000o\000s\000i\000t\000i\000o\000n\377\011}{section.6.4}% 152
\BOOKMARK [0][-]{chapter.7}{\376\377\162\133\230\177\154\325\124\214\142\337\162\133\230\177\154\325}{}% 153
\BOOKMARK [1][-]{section.7.1}{\376\377\173\046\123\367\213\364\146\016}{chapter.7}% 154
\BOOKMARK [1][-]{section.7.2}{\376\377\162\133\230\177\154\325\166\204\116\045\150\074\145\160\133\146\136\372\152\041\377\010\131\015\116\140\377\011}{chapter.7}% 155
\BOOKMARK [2][-]{subsection.7.2.1}{\376\377\150\070\137\303\140\035\215\357\377\032\121\375\145\160\166\204\134\100\220\350\116\214\153\041\217\321\117\074}{section.7.2}% 156
\BOOKMARK [2][-]{subsection.7.2.2}{\376\377\162\133\230\177\153\145\377\010\000N\000e\000w\000t\000o\000n\000\040\000S\000t\000e\000p\377\011\166\204\143\250\133\374}{section.7.2}% 157
\BOOKMARK [2][-]{subsection.7.2.3}{\376\377\162\133\230\177\153\145\166\204\116\013\226\115\140\047}{section.7.2}% 158
\BOOKMARK [2][-]{subsection.7.2.4}{\376\377\134\100\220\350\116\214\153\041\145\066\145\133\377\032\162\133\230\177\154\325\166\204\150\070\137\303\117\030\122\277}{section.7.2}% 159
\BOOKMARK [1][-]{section.7.3}{\376\377\142\337\162\133\230\177\154\325}{chapter.7}% 160
\BOOKMARK [2][-]{subsection.7.3.1}{\376\377\142\337\162\133\230\177\154\325\166\204\127\372\147\054\150\106\147\266}{section.7.3}% 161
\BOOKMARK [2][-]{subsection.7.3.2}{\376\377\000B\000F\000G\000S\145\271\154\325}{section.7.3}% 162
\BOOKMARK [2][-]{subsection.7.3.3}{\376\377\121\306\162\133\230\177\154\325\166\204\121\166\116\326\123\330\171\315}{section.7.3}% 163
\BOOKMARK [1][-]{section.7.4}{\376\377\145\066\145\133\140\047}{chapter.7}% 164
\BOOKMARK [2][-]{subsection.7.4.1}{\376\377\000B\000F\000G\000S\166\204\145\066\145\133\140\047}{section.7.4}% 165
\BOOKMARK [2][-]{subsection.7.4.2}{\376\377\000B\000F\000G\000S\166\204\145\066\145\133\220\037\136\246\377\032\116\313\116\216\150\257\136\246\116\013\226\115\116\016\162\133\230\177\154\325\116\113\225\364\377\014\220\074\217\321\162\133\230\177\154\325}{section.7.4}% 166
\BOOKMARK [2][-]{subsection.7.4.3}{\376\377\000B\000F\000G\000S\166\204\147\000\117\030\140\047\377\032\164\006\213\272\140\047\215\050\116\016\133\236\226\105\140\047\200\375\166\204\000"\147\000\117\030\136\163\210\141\000"}{section.7.4}% 167
\BOOKMARK [1][-]{section.7.5}{\376\377\117\052\116\343\170\001}{chapter.7}% 168
\BOOKMARK [1][-]{section.7.6}{\376\377\000L\000-\000B\000F\000G\000S\377\010\147\011\226\120\213\260\137\306\116\214\226\066\217\321\117\074\377\011}{chapter.7}% 169
\BOOKMARK [2][-]{subsection.7.6.1}{\376\377\143\250\133\374\215\167\160\271\377\032\000B\000F\000G\000S\166\204\000G\000-\000f\000o\000r\000m\220\022\143\250\121\163\174\373}{section.7.6}% 170
\BOOKMARK [2][-]{subsection.7.6.2}{\376\377\000S\000t\000e\000p\000\040\0001\377\032\220\022\143\250\134\125\137\000\000G\000k\000\040\000v}{section.7.6}% 171
\BOOKMARK [2][-]{subsection.7.6.3}{\376\377\000S\000t\000e\000p\000\040\0002\377\032\123\315\124\021\163\257\377\010\000R\000i\000g\000h\000t\000\040\000L\000o\000o\000p\377\011\040\024\040\024\131\004\164\006\123\363\116\130\224\376}{section.7.6}% 172
\BOOKMARK [2][-]{subsection.7.6.4}{\376\377\000S\000t\000e\000p\000\040\0003\377\032\122\035\131\313\177\051\145\076\377\010\000I\000n\000i\000t\000i\000a\000l\000\040\000S\000c\000a\000l\000i\000n\000g\377\011\040\024\040\024\000G\0000\166\204\117\134\165\050}{section.7.6}% 173
\BOOKMARK [2][-]{subsection.7.6.5}{\376\377\000S\000t\000e\000p\000\040\0004\377\032\153\143\124\021\163\257\377\010\000L\000e\000f\000t\000\040\000L\000o\000o\000p\377\011\040\024\040\024\131\004\164\006\135\346\116\130\224\376\116\016\117\356\153\143\230\171}{section.7.6}% 174
\BOOKMARK [2][-]{subsection.7.6.6}{\376\377\000S\000t\000e\000p\000\040\0005\377\032\000L\000-\000B\000F\000G\000S\144\034\175\042\145\271\124\021\116\016\217\355\116\343\155\101\172\013}{section.7.6}% 175
\BOOKMARK [2][-]{subsection.7.6.7}{\376\377\121\163\225\056\140\047\215\050\232\214\213\301}{section.7.6}% 176
\BOOKMARK [0][-]{chapter.8}{\376\377\117\030\123\026\173\227\154\325\166\204\213\304\116\367}{}% 177
\BOOKMARK [1][-]{section.8.1}{\376\377\230\204\131\007\167\345\213\306\116\016\173\046\123\367}{chapter.8}% 178
\BOOKMARK [1][-]{section.8.2}{\376\377\127\372\147\054\135\345\121\167\377\032\116\013\226\115\137\025\164\006\377\010\000D\000e\000s\000c\000e\000n\000t\000\040\000L\000e\000m\000m\000a\377\011}{chapter.8}% 179
\BOOKMARK [1][-]{section.8.3}{\376\377\127\372\116\216\000D\000e\000s\000c\000e\000n\000t\000\040\000L\000e\000m\000m\000a\166\204\126\333\174\173\121\170\127\213\145\066\145\133\176\323\147\234}{chapter.8}% 180
\BOOKMARK [2][-]{subsection.8.3.1}{\376\377\227\136\121\370\000\040\000+\000\040\000L\000-\121\111\156\321}{section.8.3}% 181
\BOOKMARK [2][-]{subsection.8.3.2}{\376\377\121\370\000\040\000+\000\040\000L\000-\121\111\156\321}{section.8.3}% 182
\BOOKMARK [2][-]{subsection.8.3.3}{\376\377\000-\137\072\121\370\000\040\000+\000\040\000L\000-\121\111\156\321\377\032\176\277\140\047\377\010\121\340\117\125\377\011\145\066\145\133}{section.8.3}% 183
\BOOKMARK [2][-]{subsection.8.3.4}{\376\377\000P\000L\147\141\116\366\000\040\000+\000\040\000L\000-\121\111\156\321\377\032\176\277\140\047\145\066\145\133\377\010\145\340\227\000\121\370\377\011}{section.8.3}% 184
\BOOKMARK [0][-]{chapter.9}{\376\377\116\316\145\340\176\246\147\137\122\060\173\111\137\017\176\246\147\137\377\032\142\311\150\074\147\027\145\345\116\130\133\120}{}% 185
\BOOKMARK [1][-]{section.9.1}{\376\377\142\311\150\074\147\027\145\345\116\130\133\120\145\160\133\146\136\372\152\041}{chapter.9}% 186
\BOOKMARK [2][-]{subsection.9.1.1}{\376\377\0001\000.\000\040\145\340\176\246\147\137\117\030\123\026\166\204\145\160\133\146\152\041\127\213}{section.9.1}% 187
\BOOKMARK [2][-]{subsection.9.1.2}{\376\377\0002\000.\000\040\173\111\137\017\176\246\147\137\117\030\123\026\166\204\145\160\133\146\152\041\127\213}{section.9.1}% 188
\BOOKMARK [2][-]{subsection.9.1.3}{\376\377\0003\000.\000\040\142\311\150\074\147\027\145\345\121\375\145\160\166\204\136\372\152\041\140\035\140\363}{section.9.1}% 189
\BOOKMARK [2][-]{subsection.9.1.4}{\376\377\0004\000.\000\040\142\311\150\074\147\027\145\345\121\375\145\160\166\204\147\000\117\030\140\047\147\141\116\366\377\010\116\000\226\066\000K\000K\000T\147\141\116\366\377\011}{section.9.1}% 190
\BOOKMARK [2][-]{subsection.9.1.5}{\376\377\0005\000.\000\040\121\340\117\125\141\017\116\111\377\010\166\364\211\302\164\006\211\343\377\011}{section.9.1}% 191
\BOOKMARK [1][-]{section.9.2}{\376\377\142\311\150\074\147\027\145\345\116\130\133\120\154\325\166\204\137\305\211\201\147\141\116\366}{chapter.9}% 192
\BOOKMARK [2][-]{subsection.9.2.1}{\376\377\116\000\226\066\137\305\211\201\147\141\116\366\123\312\121\166\213\301\146\016}{section.9.2}% 193
\BOOKMARK [2][-]{subsection.9.2.2}{\376\377\116\214\226\066\147\000\117\030\140\047\147\141\116\366\123\312\121\166\213\301\146\016}{section.9.2}% 194
\BOOKMARK [0][-]{chapter.10}{\376\377\116\316\173\111\137\017\176\246\147\137\122\060\116\015\173\111\137\017\176\246\147\137\377\032\000K\000K\000T}{}% 195
\BOOKMARK [1][-]{section.10.1}{\376\377\116\072\116\300\116\110\227\000\211\201\000K\000K\000T}{chapter.10}% 196
\BOOKMARK [1][-]{section.10.2}{\376\377\116\015\173\111\137\017\176\246\147\137\136\372\152\041}{chapter.10}% 197
\BOOKMARK [2][-]{subsection.10.2.1}{\376\377\173\111\137\017\176\246\147\137\117\030\123\026\225\356\230\230\377\010\127\372\170\100\152\041\127\213\377\011}{section.10.2}% 198
\BOOKMARK [2][-]{subsection.10.2.2}{\376\377\124\053\116\015\173\111\137\017\176\246\147\137\166\204\117\030\123\026\225\356\230\230\377\010\142\151\134\125\152\041\127\213\377\011}{section.10.2}% 199
\BOOKMARK [1][-]{section.10.3}{\376\377\000K\000K\000T\147\141\116\366\166\204\143\250\133\374}{chapter.10}% 200
\BOOKMARK [2][-]{subsection.10.3.1}{\376\377\116\000\226\066\137\305\211\201\147\141\116\366\377\010\000K\000K\000T\147\141\116\366\377\011\166\204\116\045\150\074\145\160\133\146\136\372\152\041}{section.10.3}% 201
\BOOKMARK [2][-]{subsection.10.3.2}{\376\377\176\246\147\137\211\304\150\074\377\010\000C\000Q\377\011\166\204\116\045\150\074\145\160\133\146\136\372\152\041}{section.10.3}% 202
\BOOKMARK [2][-]{subsection.10.3.3}{\376\377\000L\000I\000C\000Q\116\013\000K\000K\000T\147\141\116\366\166\204\116\045\150\074\213\301\146\016\136\372\152\041}{section.10.3}% 203
\BOOKMARK [2][-]{subsection.10.3.4}{\376\377\000F\000a\000r\000k\000a\000s\137\025\164\006\213\301\146\016}{section.10.3}% 204
\BOOKMARK [1][-]{section.10.4}{\376\377\116\214\226\066\147\000\117\030\140\047\147\141\116\366}{chapter.10}% 205
\BOOKMARK [2][-]{subsection.10.4.1}{\376\377\116\064\165\114\225\045}{section.10.4}% 206
\BOOKMARK [2][-]{subsection.10.4.2}{\376\377\116\214\226\066\137\305\211\201\147\141\116\366}{section.10.4}% 207
\BOOKMARK [2][-]{subsection.10.4.3}{\376\377\116\214\226\066\121\105\122\006\147\141\116\366}{section.10.4}% 208
\BOOKMARK [0][-]{chapter.11}{\376\377\116\316\173\111\137\017\176\246\147\137\122\060\116\015\173\111\137\017\176\246\147\137\377\032\133\371\120\166}{}% 209
\BOOKMARK [1][-]{section.11.1}{\376\377\116\316\000K\000K\000T\147\141\116\366\122\060\133\371\120\166\225\356\230\230\166\204\116\045\150\074\145\160\133\146\136\372\152\041}{chapter.11}% 210
\BOOKMARK [2][-]{subsection.11.1.1}{\376\377\123\237\131\313\225\356\230\230\377\010\000P\000r\000i\000m\000a\000l\000\040\000P\000r\000o\000b\000l\000e\000m\377\011\136\372\152\041}{section.11.1}% 211
\BOOKMARK [2][-]{subsection.11.1.2}{\376\377\142\311\150\074\147\027\145\345\121\375\145\160\136\372\152\041}{section.11.1}% 212
\BOOKMARK [2][-]{subsection.11.1.3}{\376\377\142\311\150\074\147\027\145\345\133\371\120\166\121\375\145\160\136\372\152\041}{section.11.1}% 213
\BOOKMARK [2][-]{subsection.11.1.4}{\376\377\133\371\120\166\121\375\145\160\166\204\150\070\137\303\140\047\215\050\136\372\152\041}{section.11.1}% 214
\BOOKMARK [2][-]{subsection.11.1.5}{\376\377\142\311\150\074\147\027\145\345\133\371\120\166\225\356\230\230\136\372\152\041}{section.11.1}% 215
\BOOKMARK [1][-]{section.11.2}{\376\377\137\072\133\371\120\166}{chapter.11}% 216
\BOOKMARK [2][-]{subsection.11.2.1}{\376\377\000S\000l\000a\000t\000e\000r\147\141\116\366}{section.11.2}% 217
\BOOKMARK [2][-]{subsection.11.2.2}{\376\377\121\340\117\125\211\343\221\312}{section.11.2}% 218
\BOOKMARK [2][-]{subsection.11.2.3}{\376\377\137\072\133\371\120\166\133\232\164\006\213\301\146\016}{section.11.2}% 219
\BOOKMARK [1][-]{section.11.3}{\376\377\116\222\210\145\147\176\137\033\147\141\116\366}{chapter.11}% 220
\BOOKMARK [2][-]{subsection.11.3.1}{\376\377\000K\000K\000T\147\141\116\366\166\204\133\214\145\164\147\204\142\020\377\010\124\053\116\222\210\145\147\176\137\033\377\011}{section.11.3}% 221
\BOOKMARK [1][-]{section.11.4}{\376\377\133\371\120\166\164\006\213\272\166\204\136\224\165\050\133\236\117\213}{chapter.11}% 222
\BOOKMARK [2][-]{subsection.11.4.1}{\376\377\176\277\140\047\211\304\122\022\166\204\133\371\120\166}{section.11.4}% 223
\BOOKMARK [2][-]{subsection.11.4.2}{\376\377\116\214\153\041\211\304\122\022\166\204\133\371\120\166}{section.11.4}% 224
\BOOKMARK [2][-]{subsection.11.4.3}{\376\377\145\160\120\074\117\213\230\230\377\010\116\214\153\041\211\304\122\022\133\371\120\166\154\102\211\343\377\011}{section.11.4}% 225
\BOOKMARK [2][-]{subsection.11.4.4}{\376\377\000S\000V\000M\116\055\166\204\123\237\225\356\230\230\116\016\133\371\120\166\225\356\230\230}{section.11.4}% 226
\BOOKMARK [0][-]{chapter.12}{\376\377\176\246\147\137\117\030\123\026\225\356\230\230\211\343\154\325}{}% 227
\BOOKMARK [1][-]{section.12.1}{\376\377\131\026\160\271\154\325}{chapter.12}% 228
\BOOKMARK [2][-]{subsection.12.1.1}{\376\377\150\070\137\303\133\232\116\111\116\016\225\356\230\230\137\142\137\017}{section.12.1}% 229
\BOOKMARK [2][-]{subsection.12.1.2}{\376\377\145\160\133\146\136\372\152\041\377\032\140\351\177\132\121\375\145\160\147\204\220\040}{section.12.1}% 230
\BOOKMARK [2][-]{subsection.12.1.3}{\376\377\173\227\154\325\155\101\172\013\377\010\116\045\150\074\137\142\137\017\123\026\377\011}{section.12.1}% 231
\BOOKMARK [2][-]{subsection.12.1.4}{\376\377\145\066\145\133\140\047\122\006\147\220\377\010\150\070\137\303\176\323\213\272\377\011}{section.12.1}% 232
\BOOKMARK [2][-]{subsection.12.1.5}{\376\377\117\030\177\072\160\271}{section.12.1}% 233
\BOOKMARK [2][-]{subsection.12.1.6}{\376\377\171\072\117\213\377\032\131\026\160\271\154\325\154\102\211\343}{section.12.1}% 234
\BOOKMARK [2][-]{subsection.12.1.7}{\376\377\131\026\160\271\154\325\166\204\147\201\226\120\156\341\215\263\000\040\000K\000K\000T}{section.12.1}% 235
\BOOKMARK [1][-]{section.12.2}{\376\377\130\236\136\177\142\311\150\074\147\027\145\345\377\010\000A\000L\000M\377\011}{chapter.12}% 236
\BOOKMARK [2][-]{subsection.12.2.1}{\376\377\116\316\131\026\160\271\154\325\122\060\130\236\136\177\142\311\150\074\147\027\145\345\154\325\377\010\000A\000L\000M\377\011}{section.12.2}% 237
\BOOKMARK [2][-]{subsection.12.2.2}{\376\377\142\311\150\074\147\027\145\345\121\375\145\160\166\204\127\372\170\100\224\372\127\253}{section.12.2}% 238
\BOOKMARK [2][-]{subsection.12.2.3}{\376\377\130\236\136\177\142\311\150\074\147\027\145\345\121\375\145\160\166\204\147\204\220\040}{section.12.2}% 239
\BOOKMARK [2][-]{subsection.12.2.4}{\376\377\116\130\133\120\146\364\145\260\211\304\122\031\166\204\143\250\133\374\377\010\127\372\116\216\000\040\000K\000K\000T\000\040\147\141\116\366\377\011}{section.12.2}% 240
\BOOKMARK [2][-]{subsection.12.2.5}{\376\377\000A\000L\000M\000\040\173\227\154\325\155\101\172\013}{section.12.2}% 241
\BOOKMARK [2][-]{subsection.12.2.6}{\376\377\000A\000L\000M\000\040\116\016\131\026\160\271\154\325\166\204\150\070\137\303\135\356\137\002\377\010\116\045\214\050\133\371\153\324\377\011}{section.12.2}% 242
\BOOKMARK [2][-]{subsection.12.2.7}{\376\377\145\066\145\133\140\047\150\070\137\303\176\323\213\272}{section.12.2}% 243
\BOOKMARK [2][-]{subsection.12.2.8}{\376\377\171\072\117\213\377\032\000A\000L\000M\000\040\136\224\165\050}{section.12.2}% 244
\BOOKMARK [1][-]{section.12.3}{\376\377\176\246\147\137\225\356\230\230\166\204\211\343\154\325\116\113\000\040\000A\000D\000M\000M}{chapter.12}% 245
\BOOKMARK [2][-]{subsection.12.3.1}{\376\377\173\054\116\000\153\145\377\032\121\110\225\001\133\232\000\040\000A\000L\000M\000\040\166\204\040\034\123\357\122\006\225\356\230\230\162\171\117\213\040\035\377\010\000A\000D\000M\000M\000\040\166\204\220\002\165\050\127\072\146\157\377\011}{section.12.3}% 246
\BOOKMARK [2][-]{subsection.12.3.2}{\376\377\173\054\116\214\153\145\377\032\121\231\121\372\217\331\116\052\162\171\117\213\166\204\000\040\000A\000L\000M\000\040\130\236\136\177\142\311\150\074\147\027\145\345\121\375\145\160}{section.12.3}% 247
\BOOKMARK [2][-]{subsection.12.3.3}{\376\377\173\054\116\011\153\145\377\032\000A\000L\000M\000\040\133\371\217\331\116\052\225\356\230\230\166\204\217\355\116\343\153\145\232\244}{section.12.3}% 248
\BOOKMARK [2][-]{subsection.12.3.4}{\376\377\173\054\126\333\153\145\377\032\121\163\225\056\145\071\217\333\040\024\040\024\122\051\165\050\040\034\166\356\150\007\123\357\122\006\040\035\142\306\122\006\147\000\134\017\123\026\153\145\232\244}{section.12.3}% 249
\BOOKMARK [2][-]{subsection.12.3.5}{\376\377\173\054\116\224\153\145\377\032\173\200\123\026\173\046\123\367\040\024\040\024\137\025\121\145\000\040\000A\000D\000M\000M\000\040\166\204\040\034\133\371\120\166\153\213\135\356\000\040\000u\040\035}{section.12.3}% 250
\BOOKMARK [2][-]{subsection.12.3.6}{\376\377\147\000\176\310\377\032\116\316\000\040\000A\000L\000M\000\040\142\306\122\006\137\227\122\060\166\204\000\040\000A\000D\000M\000M\000\040\217\355\116\343\377\010\116\000\116\000\133\371\136\224\377\011}{section.12.3}% 251
\BOOKMARK [2][-]{subsection.12.3.7}{\376\377\171\072\117\213\377\010\116\016\122\115\217\360\225\356\230\230\121\163\200\124\166\204\145\071\121\231\377\011}{section.12.3}% 252
